{"/Users/kirannoolvi/Desktop/CarProApplication/Server/Admin/app.js": {"path":"/Users/kirannoolvi/Desktop/CarProApplication/Server/Admin/app.js","statementMap":{"0":{"start":{"line":1,"column":16},"end":{"line":1,"column":34}},"1":{"start":{"line":2,"column":12},"end":{"line":2,"column":21}},"2":{"start":{"line":3,"column":19},"end":{"line":3,"column":41}},"3":{"start":{"line":4,"column":17},"end":{"line":4,"column":36}},"4":{"start":{"line":5,"column":13},"end":{"line":5,"column":28}},"5":{"start":{"line":6,"column":17},"end":{"line":6,"column":45}},"6":{"start":{"line":7,"column":19},"end":{"line":7,"column":53}},"7":{"start":{"line":8,"column":18},"end":{"line":8,"column":51}},"8":{"start":{"line":9,"column":22},"end":{"line":9,"column":60}},"9":{"start":{"line":10,"column":20},"end":{"line":10,"column":55}},"10":{"start":{"line":11,"column":23},"end":{"line":11,"column":61}},"11":{"start":{"line":13,"column":18},"end":{"line":15,"column":1}},"12":{"start":{"line":17,"column":0},"end":{"line":17,"column":27}},"13":{"start":{"line":19,"column":0},"end":{"line":26,"column":5}},"14":{"start":{"line":25,"column":4},"end":{"line":25,"column":53}},"15":{"start":{"line":27,"column":9},"end":{"line":27,"column":28}},"16":{"start":{"line":30,"column":0},"end":{"line":32,"column":3}},"17":{"start":{"line":31,"column":2},"end":{"line":31,"column":47}},"18":{"start":{"line":34,"column":0},"end":{"line":34,"column":52}},"19":{"start":{"line":35,"column":0},"end":{"line":35,"column":27}},"20":{"start":{"line":38,"column":0},"end":{"line":49,"column":3}},"21":{"start":{"line":39,"column":2},"end":{"line":39,"column":49}},"22":{"start":{"line":40,"column":2},"end":{"line":43,"column":4}},"23":{"start":{"line":44,"column":2},"end":{"line":47,"column":3}},"24":{"start":{"line":45,"column":4},"end":{"line":45,"column":80}},"25":{"start":{"line":46,"column":4},"end":{"line":46,"column":36}},"26":{"start":{"line":48,"column":2},"end":{"line":48,"column":9}},"27":{"start":{"line":52,"column":0},"end":{"line":52,"column":35}},"28":{"start":{"line":53,"column":0},"end":{"line":53,"column":38}},"29":{"start":{"line":54,"column":0},"end":{"line":54,"column":46}},"30":{"start":{"line":55,"column":0},"end":{"line":55,"column":37}},"31":{"start":{"line":56,"column":0},"end":{"line":56,"column":43}},"32":{"start":{"line":59,"column":0},"end":{"line":63,"column":3}},"33":{"start":{"line":60,"column":16},"end":{"line":60,"column":38}},"34":{"start":{"line":61,"column":2},"end":{"line":61,"column":21}},"35":{"start":{"line":62,"column":2},"end":{"line":62,"column":14}},"36":{"start":{"line":65,"column":0},"end":{"line":72,"column":3}},"37":{"start":{"line":66,"column":2},"end":{"line":66,"column":34}},"38":{"start":{"line":67,"column":2},"end":{"line":71,"column":5}},"39":{"start":{"line":74,"column":0},"end":{"line":74,"column":21}}},"fnMap":{"0":{"name":"(anonymous_0)","decl":{"start":{"line":24,"column":9},"end":{"line":24,"column":10}},"loc":{"start":{"line":24,"column":18},"end":{"line":26,"column":3}},"line":24},"1":{"name":"(anonymous_1)","decl":{"start":{"line":30,"column":16},"end":{"line":30,"column":17}},"loc":{"start":{"line":30,"column":28},"end":{"line":32,"column":1}},"line":30},"2":{"name":"(anonymous_2)","decl":{"start":{"line":38,"column":8},"end":{"line":38,"column":9}},"loc":{"start":{"line":38,"column":28},"end":{"line":49,"column":1}},"line":38},"3":{"name":"(anonymous_3)","decl":{"start":{"line":59,"column":8},"end":{"line":59,"column":9}},"loc":{"start":{"line":59,"column":28},"end":{"line":63,"column":1}},"line":59},"4":{"name":"(anonymous_4)","decl":{"start":{"line":65,"column":8},"end":{"line":65,"column":9}},"loc":{"start":{"line":65,"column":35},"end":{"line":72,"column":1}},"line":65}},"branchMap":{"0":{"loc":{"start":{"line":44,"column":2},"end":{"line":47,"column":3}},"type":"if","locations":[{"start":{"line":44,"column":2},"end":{"line":47,"column":3}},{"start":{},"end":{}}],"line":44},"1":{"loc":{"start":{"line":66,"column":13},"end":{"line":66,"column":32}},"type":"binary-expr","locations":[{"start":{"line":66,"column":13},"end":{"line":66,"column":25}},{"start":{"line":66,"column":29},"end":{"line":66,"column":32}}],"line":66}},"s":{"0":6,"1":6,"2":6,"3":6,"4":6,"5":6,"6":6,"7":6,"8":6,"9":6,"10":6,"11":6,"12":6,"13":6,"14":0,"15":6,"16":6,"17":6,"18":6,"19":6,"20":6,"21":16,"22":16,"23":16,"24":0,"25":0,"26":16,"27":6,"28":6,"29":6,"30":6,"31":6,"32":6,"33":1,"34":1,"35":1,"36":6,"37":1,"38":1,"39":6},"f":{"0":0,"1":6,"2":16,"3":1,"4":1},"b":{"0":[0,16],"1":[1,0]},"_coverageSchema":"1a1c01bbd47fc00a2c39e90264f33305004495a9","hash":"83b056e64d005080bc3cab86891c9d3c72aeaaee"}
,"/Users/kirannoolvi/Desktop/CarProApplication/Server/Admin/config/authConfig.js": {"path":"/Users/kirannoolvi/Desktop/CarProApplication/Server/Admin/config/authConfig.js","statementMap":{"0":{"start":{"line":1,"column":0},"end":{"line":3,"column":2}}},"fnMap":{},"branchMap":{},"s":{"0":6},"f":{},"b":{},"_coverageSchema":"1a1c01bbd47fc00a2c39e90264f33305004495a9","hash":"5bc231f1c7e2c21b4a57fee62f8f482dce142ad0"}
,"/Users/kirannoolvi/Desktop/CarProApplication/Server/Admin/config/dbConfig.js": {"path":"/Users/kirannoolvi/Desktop/CarProApplication/Server/Admin/config/dbConfig.js","statementMap":{"0":{"start":{"line":1,"column":0},"end":{"line":4,"column":2}}},"fnMap":{},"branchMap":{},"s":{"0":6},"f":{},"b":{},"_coverageSchema":"1a1c01bbd47fc00a2c39e90264f33305004495a9","hash":"caaee590cf540814e3fa9a5fcf870a23304d8f06"}
,"/Users/kirannoolvi/Desktop/CarProApplication/Server/Admin/controllers/authController.js": {"path":"/Users/kirannoolvi/Desktop/CarProApplication/Server/Admin/controllers/authController.js","statementMap":{"0":{"start":{"line":1,"column":15},"end":{"line":1,"column":46}},"1":{"start":{"line":2,"column":12},"end":{"line":2,"column":35}},"2":{"start":{"line":3,"column":15},"end":{"line":3,"column":32}},"3":{"start":{"line":4,"column":17},"end":{"line":4,"column":36}},"4":{"start":{"line":5,"column":19},"end":{"line":5,"column":50}},"5":{"start":{"line":7,"column":0},"end":{"line":54,"column":2}},"6":{"start":{"line":8,"column":2},"end":{"line":53,"column":7}},"7":{"start":{"line":11,"column":6},"end":{"line":11,"column":23}},"8":{"start":{"line":12,"column":6},"end":{"line":46,"column":7}},"9":{"start":{"line":13,"column":8},"end":{"line":15,"column":11}},"10":{"start":{"line":17,"column":8},"end":{"line":45,"column":11}},"11":{"start":{"line":18,"column":10},"end":{"line":44,"column":11}},"12":{"start":{"line":19,"column":12},"end":{"line":21,"column":15}},"13":{"start":{"line":22,"column":17},"end":{"line":44,"column":11}},"14":{"start":{"line":23,"column":26},"end":{"line":31,"column":13}},"15":{"start":{"line":32,"column":12},"end":{"line":39,"column":15}},"16":{"start":{"line":41,"column":12},"end":{"line":43,"column":15}},"17":{"start":{"line":49,"column":6},"end":{"line":49,"column":35}},"18":{"start":{"line":50,"column":6},"end":{"line":52,"column":9}},"19":{"start":{"line":56,"column":0},"end":{"line":101,"column":2}},"20":{"start":{"line":57,"column":2},"end":{"line":59,"column":3}},"21":{"start":{"line":58,"column":4},"end":{"line":58,"column":72}},"22":{"start":{"line":61,"column":2},"end":{"line":100,"column":7}},"23":{"start":{"line":64,"column":6},"end":{"line":99,"column":7}},"24":{"start":{"line":65,"column":8},"end":{"line":67,"column":11}},"25":{"start":{"line":69,"column":8},"end":{"line":98,"column":11}},"26":{"start":{"line":70,"column":10},"end":{"line":97,"column":11}},"27":{"start":{"line":71,"column":12},"end":{"line":73,"column":15}},"28":{"start":{"line":75,"column":27},"end":{"line":81,"column":14}},"29":{"start":{"line":82,"column":12},"end":{"line":96,"column":17}},"30":{"start":{"line":85,"column":16},"end":{"line":85,"column":36}},"31":{"start":{"line":86,"column":16},"end":{"line":89,"column":19}},"32":{"start":{"line":92,"column":16},"end":{"line":92,"column":56}},"33":{"start":{"line":93,"column":16},"end":{"line":95,"column":19}}},"fnMap":{"0":{"name":"(anonymous_0)","decl":{"start":{"line":7,"column":16},"end":{"line":7,"column":17}},"loc":{"start":{"line":7,"column":36},"end":{"line":54,"column":1}},"line":7},"1":{"name":"(anonymous_1)","decl":{"start":{"line":10,"column":10},"end":{"line":10,"column":11}},"loc":{"start":{"line":10,"column":20},"end":{"line":47,"column":5}},"line":10},"2":{"name":"(anonymous_2)","decl":{"start":{"line":17,"column":57},"end":{"line":17,"column":58}},"loc":{"start":{"line":17,"column":76},"end":{"line":45,"column":9}},"line":17},"3":{"name":"(anonymous_3)","decl":{"start":{"line":48,"column":11},"end":{"line":48,"column":12}},"loc":{"start":{"line":48,"column":20},"end":{"line":53,"column":5}},"line":48},"4":{"name":"(anonymous_4)","decl":{"start":{"line":56,"column":19},"end":{"line":56,"column":20}},"loc":{"start":{"line":56,"column":39},"end":{"line":101,"column":1}},"line":56},"5":{"name":"(anonymous_5)","decl":{"start":{"line":63,"column":10},"end":{"line":63,"column":11}},"loc":{"start":{"line":63,"column":20},"end":{"line":100,"column":5}},"line":63},"6":{"name":"(anonymous_6)","decl":{"start":{"line":69,"column":43},"end":{"line":69,"column":44}},"loc":{"start":{"line":69,"column":58},"end":{"line":98,"column":9}},"line":69},"7":{"name":"(anonymous_7)","decl":{"start":{"line":84,"column":20},"end":{"line":84,"column":21}},"loc":{"start":{"line":84,"column":32},"end":{"line":90,"column":15}},"line":84},"8":{"name":"(anonymous_8)","decl":{"start":{"line":91,"column":21},"end":{"line":91,"column":22}},"loc":{"start":{"line":91,"column":30},"end":{"line":96,"column":15}},"line":91}},"branchMap":{"0":{"loc":{"start":{"line":12,"column":6},"end":{"line":46,"column":7}},"type":"if","locations":[{"start":{"line":12,"column":6},"end":{"line":46,"column":7}},{"start":{"line":16,"column":13},"end":{"line":46,"column":7}}],"line":12},"1":{"loc":{"start":{"line":18,"column":10},"end":{"line":44,"column":11}},"type":"if","locations":[{"start":{"line":18,"column":10},"end":{"line":44,"column":11}},{"start":{"line":22,"column":17},"end":{"line":44,"column":11}}],"line":18},"2":{"loc":{"start":{"line":22,"column":17},"end":{"line":44,"column":11}},"type":"if","locations":[{"start":{"line":22,"column":17},"end":{"line":44,"column":11}},{"start":{"line":40,"column":17},"end":{"line":44,"column":11}}],"line":22},"3":{"loc":{"start":{"line":57,"column":2},"end":{"line":59,"column":3}},"type":"if","locations":[{"start":{"line":57,"column":2},"end":{"line":59,"column":3}},{"start":{},"end":{}}],"line":57},"4":{"loc":{"start":{"line":57,"column":6},"end":{"line":57,"column":61}},"type":"binary-expr","locations":[{"start":{"line":57,"column":6},"end":{"line":57,"column":20}},{"start":{"line":57,"column":24},"end":{"line":57,"column":39}},{"start":{"line":57,"column":43},"end":{"line":57,"column":61}}],"line":57},"5":{"loc":{"start":{"line":64,"column":6},"end":{"line":99,"column":7}},"type":"if","locations":[{"start":{"line":64,"column":6},"end":{"line":99,"column":7}},{"start":{"line":68,"column":13},"end":{"line":99,"column":7}}],"line":64},"6":{"loc":{"start":{"line":70,"column":10},"end":{"line":97,"column":11}},"type":"if","locations":[{"start":{"line":70,"column":10},"end":{"line":97,"column":11}},{"start":{"line":74,"column":17},"end":{"line":97,"column":11}}],"line":70}},"s":{"0":6,"1":6,"2":6,"3":6,"4":6,"5":6,"6":6,"7":6,"8":6,"9":0,"10":6,"11":6,"12":0,"13":6,"14":6,"15":6,"16":0,"17":0,"18":0,"19":6,"20":0,"21":0,"22":0,"23":0,"24":0,"25":0,"26":0,"27":0,"28":0,"29":0,"30":0,"31":0,"32":0,"33":0},"f":{"0":6,"1":6,"2":6,"3":0,"4":0,"5":0,"6":0,"7":0,"8":0},"b":{"0":[0,6],"1":[0,6],"2":[6,0],"3":[0,0],"4":[0,0,0],"5":[0,0],"6":[0,0]},"_coverageSchema":"1a1c01bbd47fc00a2c39e90264f33305004495a9","hash":"252b03098ed4359b104378084a5cbdd762236fbd"}
,"/Users/kirannoolvi/Desktop/CarProApplication/Server/Admin/controllers/carController.js": {"path":"/Users/kirannoolvi/Desktop/CarProApplication/Server/Admin/controllers/carController.js","statementMap":{"0":{"start":{"line":1,"column":17},"end":{"line":1,"column":45}},"1":{"start":{"line":4,"column":0},"end":{"line":36,"column":2}},"2":{"start":{"line":5,"column":2},"end":{"line":35,"column":7}},"3":{"start":{"line":8,"column":6},"end":{"line":28,"column":7}},"4":{"start":{"line":9,"column":8},"end":{"line":11,"column":11}},"5":{"start":{"line":13,"column":20},"end":{"line":16,"column":10}},"6":{"start":{"line":17,"column":8},"end":{"line":27,"column":11}},"7":{"start":{"line":18,"column":10},"end":{"line":18,"column":48}},"8":{"start":{"line":19,"column":10},"end":{"line":26,"column":13}},"9":{"start":{"line":31,"column":6},"end":{"line":31,"column":43}},"10":{"start":{"line":32,"column":6},"end":{"line":34,"column":9}},"11":{"start":{"line":39,"column":0},"end":{"line":58,"column":2}},"12":{"start":{"line":40,"column":2},"end":{"line":57,"column":7}},"13":{"start":{"line":44,"column":6},"end":{"line":50,"column":7}},"14":{"start":{"line":45,"column":8},"end":{"line":47,"column":11}},"15":{"start":{"line":49,"column":8},"end":{"line":49,"column":27}},"16":{"start":{"line":53,"column":6},"end":{"line":53,"column":56}},"17":{"start":{"line":54,"column":6},"end":{"line":56,"column":9}},"18":{"start":{"line":61,"column":0},"end":{"line":80,"column":2}},"19":{"start":{"line":62,"column":2},"end":{"line":79,"column":7}},"20":{"start":{"line":66,"column":6},"end":{"line":72,"column":7}},"21":{"start":{"line":67,"column":8},"end":{"line":69,"column":11}},"22":{"start":{"line":71,"column":8},"end":{"line":71,"column":27}},"23":{"start":{"line":75,"column":6},"end":{"line":75,"column":57}},"24":{"start":{"line":76,"column":6},"end":{"line":78,"column":9}},"25":{"start":{"line":83,"column":0},"end":{"line":106,"column":2}},"26":{"start":{"line":84,"column":2},"end":{"line":105,"column":7}},"27":{"start":{"line":88,"column":6},"end":{"line":98,"column":7}},"28":{"start":{"line":89,"column":8},"end":{"line":91,"column":11}},"29":{"start":{"line":93,"column":8},"end":{"line":97,"column":11}},"30":{"start":{"line":95,"column":12},"end":{"line":95,"column":52}},"31":{"start":{"line":101,"column":6},"end":{"line":101,"column":49}},"32":{"start":{"line":102,"column":6},"end":{"line":104,"column":9}},"33":{"start":{"line":109,"column":0},"end":{"line":129,"column":2}},"34":{"start":{"line":110,"column":2},"end":{"line":128,"column":7}},"35":{"start":{"line":113,"column":6},"end":{"line":121,"column":7}},"36":{"start":{"line":114,"column":8},"end":{"line":116,"column":11}},"37":{"start":{"line":118,"column":8},"end":{"line":120,"column":11}},"38":{"start":{"line":124,"column":6},"end":{"line":124,"column":47}},"39":{"start":{"line":125,"column":6},"end":{"line":127,"column":9}},"40":{"start":{"line":132,"column":0},"end":{"line":149,"column":2}},"41":{"start":{"line":133,"column":12},"end":{"line":133,"column":20}},"42":{"start":{"line":134,"column":13},"end":{"line":134,"column":26}},"43":{"start":{"line":135,"column":2},"end":{"line":148,"column":7}},"44":{"start":{"line":138,"column":6},"end":{"line":138,"column":42}},"45":{"start":{"line":139,"column":6},"end":{"line":141,"column":9}},"46":{"start":{"line":144,"column":6},"end":{"line":144,"column":46}},"47":{"start":{"line":145,"column":6},"end":{"line":147,"column":9}},"48":{"start":{"line":151,"column":0},"end":{"line":165,"column":2}},"49":{"start":{"line":152,"column":2},"end":{"line":164,"column":7}},"50":{"start":{"line":155,"column":6},"end":{"line":157,"column":9}},"51":{"start":{"line":160,"column":6},"end":{"line":160,"column":40}},"52":{"start":{"line":161,"column":6},"end":{"line":163,"column":9}}},"fnMap":{"0":{"name":"(anonymous_0)","decl":{"start":{"line":4,"column":17},"end":{"line":4,"column":18}},"loc":{"start":{"line":4,"column":31},"end":{"line":36,"column":1}},"line":4},"1":{"name":"(anonymous_1)","decl":{"start":{"line":7,"column":10},"end":{"line":7,"column":11}},"loc":{"start":{"line":7,"column":24},"end":{"line":29,"column":5}},"line":7},"2":{"name":"(anonymous_2)","decl":{"start":{"line":17,"column":24},"end":{"line":17,"column":25}},"loc":{"start":{"line":17,"column":38},"end":{"line":27,"column":9}},"line":17},"3":{"name":"(anonymous_3)","decl":{"start":{"line":30,"column":11},"end":{"line":30,"column":12}},"loc":{"start":{"line":30,"column":20},"end":{"line":35,"column":5}},"line":30},"4":{"name":"(anonymous_4)","decl":{"start":{"line":39,"column":22},"end":{"line":39,"column":23}},"loc":{"start":{"line":39,"column":36},"end":{"line":58,"column":1}},"line":39},"5":{"name":"(anonymous_5)","decl":{"start":{"line":43,"column":10},"end":{"line":43,"column":11}},"loc":{"start":{"line":43,"column":24},"end":{"line":51,"column":5}},"line":43},"6":{"name":"(anonymous_6)","decl":{"start":{"line":52,"column":11},"end":{"line":52,"column":12}},"loc":{"start":{"line":52,"column":20},"end":{"line":57,"column":5}},"line":52},"7":{"name":"(anonymous_7)","decl":{"start":{"line":61,"column":24},"end":{"line":61,"column":25}},"loc":{"start":{"line":61,"column":38},"end":{"line":80,"column":1}},"line":61},"8":{"name":"(anonymous_8)","decl":{"start":{"line":65,"column":10},"end":{"line":65,"column":11}},"loc":{"start":{"line":65,"column":24},"end":{"line":73,"column":5}},"line":65},"9":{"name":"(anonymous_9)","decl":{"start":{"line":74,"column":11},"end":{"line":74,"column":12}},"loc":{"start":{"line":74,"column":20},"end":{"line":79,"column":5}},"line":74},"10":{"name":"(anonymous_10)","decl":{"start":{"line":83,"column":22},"end":{"line":83,"column":23}},"loc":{"start":{"line":83,"column":36},"end":{"line":106,"column":1}},"line":83},"11":{"name":"(anonymous_11)","decl":{"start":{"line":87,"column":10},"end":{"line":87,"column":11}},"loc":{"start":{"line":87,"column":24},"end":{"line":99,"column":5}},"line":87},"12":{"name":"(anonymous_12)","decl":{"start":{"line":94,"column":29},"end":{"line":94,"column":30}},"loc":{"start":{"line":94,"column":38},"end":{"line":96,"column":11}},"line":94},"13":{"name":"(anonymous_13)","decl":{"start":{"line":100,"column":11},"end":{"line":100,"column":12}},"loc":{"start":{"line":100,"column":20},"end":{"line":105,"column":5}},"line":100},"14":{"name":"(anonymous_14)","decl":{"start":{"line":109,"column":22},"end":{"line":109,"column":23}},"loc":{"start":{"line":109,"column":36},"end":{"line":129,"column":1}},"line":109},"15":{"name":"(anonymous_15)","decl":{"start":{"line":112,"column":10},"end":{"line":112,"column":11}},"loc":{"start":{"line":112,"column":24},"end":{"line":122,"column":5}},"line":112},"16":{"name":"(anonymous_16)","decl":{"start":{"line":123,"column":11},"end":{"line":123,"column":12}},"loc":{"start":{"line":123,"column":20},"end":{"line":128,"column":5}},"line":123},"17":{"name":"(anonymous_17)","decl":{"start":{"line":132,"column":20},"end":{"line":132,"column":21}},"loc":{"start":{"line":132,"column":34},"end":{"line":149,"column":1}},"line":132},"18":{"name":"(anonymous_18)","decl":{"start":{"line":137,"column":10},"end":{"line":137,"column":11}},"loc":{"start":{"line":137,"column":24},"end":{"line":142,"column":5}},"line":137},"19":{"name":"(anonymous_19)","decl":{"start":{"line":143,"column":11},"end":{"line":143,"column":12}},"loc":{"start":{"line":143,"column":20},"end":{"line":148,"column":5}},"line":143},"20":{"name":"(anonymous_20)","decl":{"start":{"line":151,"column":20},"end":{"line":151,"column":21}},"loc":{"start":{"line":151,"column":34},"end":{"line":165,"column":1}},"line":151},"21":{"name":"(anonymous_21)","decl":{"start":{"line":154,"column":10},"end":{"line":154,"column":11}},"loc":{"start":{"line":154,"column":22},"end":{"line":158,"column":5}},"line":154},"22":{"name":"(anonymous_22)","decl":{"start":{"line":159,"column":11},"end":{"line":159,"column":12}},"loc":{"start":{"line":159,"column":20},"end":{"line":164,"column":5}},"line":159}},"branchMap":{"0":{"loc":{"start":{"line":8,"column":6},"end":{"line":28,"column":7}},"type":"if","locations":[{"start":{"line":8,"column":6},"end":{"line":28,"column":7}},{"start":{"line":12,"column":13},"end":{"line":28,"column":7}}],"line":8},"1":{"loc":{"start":{"line":44,"column":6},"end":{"line":50,"column":7}},"type":"if","locations":[{"start":{"line":44,"column":6},"end":{"line":50,"column":7}},{"start":{"line":48,"column":13},"end":{"line":50,"column":7}}],"line":44},"2":{"loc":{"start":{"line":66,"column":6},"end":{"line":72,"column":7}},"type":"if","locations":[{"start":{"line":66,"column":6},"end":{"line":72,"column":7}},{"start":{"line":70,"column":13},"end":{"line":72,"column":7}}],"line":66},"3":{"loc":{"start":{"line":88,"column":6},"end":{"line":98,"column":7}},"type":"if","locations":[{"start":{"line":88,"column":6},"end":{"line":98,"column":7}},{"start":{"line":92,"column":13},"end":{"line":98,"column":7}}],"line":88},"4":{"loc":{"start":{"line":113,"column":6},"end":{"line":121,"column":7}},"type":"if","locations":[{"start":{"line":113,"column":6},"end":{"line":121,"column":7}},{"start":{"line":117,"column":13},"end":{"line":121,"column":7}}],"line":113}},"s":{"0":6,"1":6,"2":0,"3":0,"4":0,"5":0,"6":0,"7":0,"8":0,"9":0,"10":0,"11":6,"12":2,"13":2,"14":0,"15":2,"16":0,"17":0,"18":6,"19":0,"20":0,"21":0,"22":0,"23":0,"24":0,"25":6,"26":0,"27":0,"28":0,"29":0,"30":0,"31":0,"32":0,"33":6,"34":0,"35":0,"36":0,"37":0,"38":0,"39":0,"40":6,"41":0,"42":0,"43":0,"44":0,"45":0,"46":0,"47":0,"48":6,"49":0,"50":0,"51":0,"52":0},"f":{"0":0,"1":0,"2":0,"3":0,"4":2,"5":2,"6":0,"7":0,"8":0,"9":0,"10":0,"11":0,"12":0,"13":0,"14":0,"15":0,"16":0,"17":0,"18":0,"19":0,"20":0,"21":0,"22":0},"b":{"0":[0,0],"1":[0,2],"2":[0,0],"3":[0,0],"4":[0,0]},"_coverageSchema":"1a1c01bbd47fc00a2c39e90264f33305004495a9","hash":"788396dff0f6f5464ec99a3b5d8df68fb9dc632e"}
,"/Users/kirannoolvi/Desktop/CarProApplication/Server/Admin/controllers/mechanicController.js": {"path":"/Users/kirannoolvi/Desktop/CarProApplication/Server/Admin/controllers/mechanicController.js","statementMap":{"0":{"start":{"line":1,"column":15},"end":{"line":1,"column":46}},"1":{"start":{"line":4,"column":0},"end":{"line":24,"column":2}},"2":{"start":{"line":5,"column":2},"end":{"line":23,"column":7}},"3":{"start":{"line":8,"column":6},"end":{"line":16,"column":7}},"4":{"start":{"line":9,"column":8},"end":{"line":11,"column":11}},"5":{"start":{"line":13,"column":8},"end":{"line":15,"column":11}},"6":{"start":{"line":19,"column":6},"end":{"line":19,"column":23}},"7":{"start":{"line":20,"column":6},"end":{"line":22,"column":9}},"8":{"start":{"line":27,"column":0},"end":{"line":48,"column":2}},"9":{"start":{"line":28,"column":2},"end":{"line":47,"column":7}},"10":{"start":{"line":32,"column":6},"end":{"line":40,"column":7}},"11":{"start":{"line":33,"column":8},"end":{"line":35,"column":11}},"12":{"start":{"line":37,"column":8},"end":{"line":39,"column":11}},"13":{"start":{"line":43,"column":6},"end":{"line":43,"column":23}},"14":{"start":{"line":44,"column":6},"end":{"line":46,"column":9}}},"fnMap":{"0":{"name":"(anonymous_0)","decl":{"start":{"line":4,"column":24},"end":{"line":4,"column":25}},"loc":{"start":{"line":4,"column":38},"end":{"line":24,"column":1}},"line":4},"1":{"name":"(anonymous_1)","decl":{"start":{"line":7,"column":10},"end":{"line":7,"column":11}},"loc":{"start":{"line":7,"column":24},"end":{"line":17,"column":5}},"line":7},"2":{"name":"(anonymous_2)","decl":{"start":{"line":18,"column":11},"end":{"line":18,"column":12}},"loc":{"start":{"line":18,"column":20},"end":{"line":23,"column":5}},"line":18},"3":{"name":"(anonymous_3)","decl":{"start":{"line":27,"column":18},"end":{"line":27,"column":19}},"loc":{"start":{"line":27,"column":32},"end":{"line":48,"column":1}},"line":27},"4":{"name":"(anonymous_4)","decl":{"start":{"line":31,"column":10},"end":{"line":31,"column":11}},"loc":{"start":{"line":31,"column":24},"end":{"line":41,"column":5}},"line":31},"5":{"name":"(anonymous_5)","decl":{"start":{"line":42,"column":11},"end":{"line":42,"column":12}},"loc":{"start":{"line":42,"column":20},"end":{"line":47,"column":5}},"line":42}},"branchMap":{"0":{"loc":{"start":{"line":8,"column":6},"end":{"line":16,"column":7}},"type":"if","locations":[{"start":{"line":8,"column":6},"end":{"line":16,"column":7}},{"start":{"line":12,"column":13},"end":{"line":16,"column":7}}],"line":8},"1":{"loc":{"start":{"line":32,"column":6},"end":{"line":40,"column":7}},"type":"if","locations":[{"start":{"line":32,"column":6},"end":{"line":40,"column":7}},{"start":{"line":36,"column":13},"end":{"line":40,"column":7}}],"line":32}},"s":{"0":6,"1":6,"2":0,"3":0,"4":0,"5":0,"6":0,"7":0,"8":6,"9":3,"10":3,"11":0,"12":3,"13":0,"14":0},"f":{"0":0,"1":0,"2":0,"3":3,"4":3,"5":0},"b":{"0":[0,0],"1":[0,3]},"_coverageSchema":"1a1c01bbd47fc00a2c39e90264f33305004495a9","hash":"6be168b7786a5dc3c3c99beb94edcc4a49e03f47"}
,"/Users/kirannoolvi/Desktop/CarProApplication/Server/Admin/controllers/orderController.js": {"path":"/Users/kirannoolvi/Desktop/CarProApplication/Server/Admin/controllers/orderController.js","statementMap":{"0":{"start":{"line":1,"column":19},"end":{"line":1,"column":49}},"1":{"start":{"line":2,"column":20},"end":{"line":2,"column":51}},"2":{"start":{"line":3,"column":22},"end":{"line":3,"column":55}},"3":{"start":{"line":6,"column":0},"end":{"line":26,"column":2}},"4":{"start":{"line":7,"column":2},"end":{"line":25,"column":7}},"5":{"start":{"line":10,"column":6},"end":{"line":18,"column":7}},"6":{"start":{"line":11,"column":8},"end":{"line":13,"column":11}},"7":{"start":{"line":15,"column":8},"end":{"line":17,"column":11}},"8":{"start":{"line":21,"column":6},"end":{"line":21,"column":58}},"9":{"start":{"line":22,"column":6},"end":{"line":24,"column":9}},"10":{"start":{"line":29,"column":0},"end":{"line":48,"column":2}},"11":{"start":{"line":30,"column":18},"end":{"line":30,"column":36}},"12":{"start":{"line":32,"column":2},"end":{"line":47,"column":7}},"13":{"start":{"line":38,"column":6},"end":{"line":40,"column":9}},"14":{"start":{"line":43,"column":6},"end":{"line":43,"column":23}},"15":{"start":{"line":44,"column":6},"end":{"line":46,"column":9}}},"fnMap":{"0":{"name":"(anonymous_0)","decl":{"start":{"line":6,"column":27},"end":{"line":6,"column":28}},"loc":{"start":{"line":6,"column":41},"end":{"line":26,"column":1}},"line":6},"1":{"name":"(anonymous_1)","decl":{"start":{"line":9,"column":10},"end":{"line":9,"column":11}},"loc":{"start":{"line":9,"column":24},"end":{"line":19,"column":5}},"line":9},"2":{"name":"(anonymous_2)","decl":{"start":{"line":20,"column":11},"end":{"line":20,"column":12}},"loc":{"start":{"line":20,"column":20},"end":{"line":25,"column":5}},"line":20},"3":{"name":"(anonymous_3)","decl":{"start":{"line":29,"column":22},"end":{"line":29,"column":23}},"loc":{"start":{"line":29,"column":36},"end":{"line":48,"column":1}},"line":29},"4":{"name":"(anonymous_4)","decl":{"start":{"line":37,"column":10},"end":{"line":37,"column":11}},"loc":{"start":{"line":37,"column":24},"end":{"line":41,"column":5}},"line":37},"5":{"name":"(anonymous_5)","decl":{"start":{"line":42,"column":11},"end":{"line":42,"column":12}},"loc":{"start":{"line":42,"column":20},"end":{"line":47,"column":5}},"line":42}},"branchMap":{"0":{"loc":{"start":{"line":10,"column":6},"end":{"line":18,"column":7}},"type":"if","locations":[{"start":{"line":10,"column":6},"end":{"line":18,"column":7}},{"start":{"line":14,"column":13},"end":{"line":18,"column":7}}],"line":10}},"s":{"0":6,"1":6,"2":6,"3":6,"4":2,"5":2,"6":0,"7":2,"8":0,"9":0,"10":6,"11":0,"12":0,"13":0,"14":0,"15":0},"f":{"0":2,"1":2,"2":0,"3":0,"4":0,"5":0},"b":{"0":[0,2]},"_coverageSchema":"1a1c01bbd47fc00a2c39e90264f33305004495a9","hash":"3cfba9aa01b638002c45c65a6086d468a676bd86"}
,"/Users/kirannoolvi/Desktop/CarProApplication/Server/Admin/controllers/serviceController.js": {"path":"/Users/kirannoolvi/Desktop/CarProApplication/Server/Admin/controllers/serviceController.js","statementMap":{"0":{"start":{"line":1,"column":21},"end":{"line":1,"column":53}},"1":{"start":{"line":3,"column":0},"end":{"line":34,"column":2}},"2":{"start":{"line":4,"column":2},"end":{"line":33,"column":7}},"3":{"start":{"line":7,"column":6},"end":{"line":26,"column":7}},"4":{"start":{"line":8,"column":8},"end":{"line":10,"column":11}},"5":{"start":{"line":12,"column":24},"end":{"line":19,"column":10}},"6":{"start":{"line":20,"column":8},"end":{"line":25,"column":11}},"7":{"start":{"line":21,"column":10},"end":{"line":21,"column":52}},"8":{"start":{"line":22,"column":10},"end":{"line":24,"column":13}},"9":{"start":{"line":29,"column":6},"end":{"line":29,"column":47}},"10":{"start":{"line":30,"column":6},"end":{"line":32,"column":9}},"11":{"start":{"line":36,"column":0},"end":{"line":57,"column":2}},"12":{"start":{"line":37,"column":2},"end":{"line":56,"column":7}},"13":{"start":{"line":41,"column":6},"end":{"line":49,"column":7}},"14":{"start":{"line":42,"column":8},"end":{"line":44,"column":11}},"15":{"start":{"line":46,"column":8},"end":{"line":48,"column":11}},"16":{"start":{"line":52,"column":6},"end":{"line":52,"column":51}},"17":{"start":{"line":53,"column":6},"end":{"line":55,"column":9}},"18":{"start":{"line":59,"column":0},"end":{"line":73,"column":2}},"19":{"start":{"line":60,"column":13},"end":{"line":60,"column":33}},"20":{"start":{"line":61,"column":2},"end":{"line":72,"column":7}},"21":{"start":{"line":64,"column":6},"end":{"line":64,"column":63}},"22":{"start":{"line":65,"column":6},"end":{"line":67,"column":9}},"23":{"start":{"line":70,"column":6},"end":{"line":70,"column":50}},"24":{"start":{"line":71,"column":6},"end":{"line":71,"column":61}},"25":{"start":{"line":75,"column":0},"end":{"line":90,"column":2}},"26":{"start":{"line":76,"column":13},"end":{"line":76,"column":33}},"27":{"start":{"line":77,"column":2},"end":{"line":89,"column":7}},"28":{"start":{"line":80,"column":6},"end":{"line":82,"column":9}},"29":{"start":{"line":85,"column":6},"end":{"line":85,"column":50}},"30":{"start":{"line":86,"column":6},"end":{"line":88,"column":9}},"31":{"start":{"line":92,"column":0},"end":{"line":112,"column":2}},"32":{"start":{"line":93,"column":2},"end":{"line":111,"column":7}},"33":{"start":{"line":96,"column":6},"end":{"line":104,"column":7}},"34":{"start":{"line":97,"column":8},"end":{"line":99,"column":11}},"35":{"start":{"line":101,"column":8},"end":{"line":103,"column":11}},"36":{"start":{"line":107,"column":6},"end":{"line":107,"column":51}},"37":{"start":{"line":108,"column":6},"end":{"line":110,"column":9}}},"fnMap":{"0":{"name":"(anonymous_0)","decl":{"start":{"line":3,"column":21},"end":{"line":3,"column":22}},"loc":{"start":{"line":3,"column":35},"end":{"line":34,"column":1}},"line":3},"1":{"name":"(anonymous_1)","decl":{"start":{"line":6,"column":10},"end":{"line":6,"column":11}},"loc":{"start":{"line":6,"column":24},"end":{"line":27,"column":5}},"line":6},"2":{"name":"(anonymous_2)","decl":{"start":{"line":20,"column":28},"end":{"line":20,"column":29}},"loc":{"start":{"line":20,"column":42},"end":{"line":25,"column":9}},"line":20},"3":{"name":"(anonymous_3)","decl":{"start":{"line":28,"column":11},"end":{"line":28,"column":12}},"loc":{"start":{"line":28,"column":20},"end":{"line":33,"column":5}},"line":28},"4":{"name":"(anonymous_4)","decl":{"start":{"line":36,"column":18},"end":{"line":36,"column":19}},"loc":{"start":{"line":36,"column":32},"end":{"line":57,"column":1}},"line":36},"5":{"name":"(anonymous_5)","decl":{"start":{"line":40,"column":10},"end":{"line":40,"column":11}},"loc":{"start":{"line":40,"column":24},"end":{"line":50,"column":5}},"line":40},"6":{"name":"(anonymous_6)","decl":{"start":{"line":51,"column":11},"end":{"line":51,"column":12}},"loc":{"start":{"line":51,"column":20},"end":{"line":56,"column":5}},"line":51},"7":{"name":"(anonymous_7)","decl":{"start":{"line":59,"column":24},"end":{"line":59,"column":25}},"loc":{"start":{"line":59,"column":38},"end":{"line":73,"column":1}},"line":59},"8":{"name":"(anonymous_8)","decl":{"start":{"line":63,"column":10},"end":{"line":63,"column":11}},"loc":{"start":{"line":63,"column":24},"end":{"line":68,"column":5}},"line":63},"9":{"name":"(anonymous_9)","decl":{"start":{"line":69,"column":11},"end":{"line":69,"column":12}},"loc":{"start":{"line":69,"column":20},"end":{"line":72,"column":5}},"line":69},"10":{"name":"(anonymous_10)","decl":{"start":{"line":75,"column":24},"end":{"line":75,"column":25}},"loc":{"start":{"line":75,"column":38},"end":{"line":90,"column":1}},"line":75},"11":{"name":"(anonymous_11)","decl":{"start":{"line":79,"column":10},"end":{"line":79,"column":11}},"loc":{"start":{"line":79,"column":22},"end":{"line":83,"column":5}},"line":79},"12":{"name":"(anonymous_12)","decl":{"start":{"line":84,"column":11},"end":{"line":84,"column":12}},"loc":{"start":{"line":84,"column":20},"end":{"line":89,"column":5}},"line":84},"13":{"name":"(anonymous_13)","decl":{"start":{"line":92,"column":26},"end":{"line":92,"column":27}},"loc":{"start":{"line":92,"column":40},"end":{"line":112,"column":1}},"line":92},"14":{"name":"(anonymous_14)","decl":{"start":{"line":95,"column":10},"end":{"line":95,"column":11}},"loc":{"start":{"line":95,"column":24},"end":{"line":105,"column":5}},"line":95},"15":{"name":"(anonymous_15)","decl":{"start":{"line":106,"column":11},"end":{"line":106,"column":12}},"loc":{"start":{"line":106,"column":20},"end":{"line":111,"column":5}},"line":106}},"branchMap":{"0":{"loc":{"start":{"line":7,"column":6},"end":{"line":26,"column":7}},"type":"if","locations":[{"start":{"line":7,"column":6},"end":{"line":26,"column":7}},{"start":{"line":11,"column":13},"end":{"line":26,"column":7}}],"line":7},"1":{"loc":{"start":{"line":41,"column":6},"end":{"line":49,"column":7}},"type":"if","locations":[{"start":{"line":41,"column":6},"end":{"line":49,"column":7}},{"start":{"line":45,"column":13},"end":{"line":49,"column":7}}],"line":41},"2":{"loc":{"start":{"line":96,"column":6},"end":{"line":104,"column":7}},"type":"if","locations":[{"start":{"line":96,"column":6},"end":{"line":104,"column":7}},{"start":{"line":100,"column":13},"end":{"line":104,"column":7}}],"line":96}},"s":{"0":6,"1":6,"2":0,"3":0,"4":0,"5":0,"6":0,"7":0,"8":0,"9":0,"10":0,"11":6,"12":2,"13":2,"14":0,"15":2,"16":0,"17":0,"18":6,"19":0,"20":0,"21":0,"22":0,"23":0,"24":0,"25":6,"26":0,"27":0,"28":0,"29":0,"30":0,"31":6,"32":0,"33":0,"34":0,"35":0,"36":0,"37":0},"f":{"0":0,"1":0,"2":0,"3":0,"4":2,"5":2,"6":0,"7":0,"8":0,"9":0,"10":0,"11":0,"12":0,"13":0,"14":0,"15":0},"b":{"0":[0,0],"1":[0,2],"2":[0,0]},"_coverageSchema":"1a1c01bbd47fc00a2c39e90264f33305004495a9","hash":"45becf30ea3571411f87d3801976c9e7507b6471"}
,"/Users/kirannoolvi/Desktop/CarProApplication/Server/Admin/middlewares/check-auth.js": {"path":"/Users/kirannoolvi/Desktop/CarProApplication/Server/Admin/middlewares/check-auth.js","statementMap":{"0":{"start":{"line":1,"column":12},"end":{"line":1,"column":35}},"1":{"start":{"line":2,"column":19},"end":{"line":2,"column":50}},"2":{"start":{"line":3,"column":15},"end":{"line":3,"column":46}},"3":{"start":{"line":6,"column":0},"end":{"line":24,"column":2}},"4":{"start":{"line":7,"column":2},"end":{"line":23,"column":3}},"5":{"start":{"line":9,"column":18},"end":{"line":9,"column":47}},"6":{"start":{"line":11,"column":4},"end":{"line":13,"column":5}},"7":{"start":{"line":12,"column":6},"end":{"line":12,"column":69}},"8":{"start":{"line":14,"column":20},"end":{"line":14,"column":59}},"9":{"start":{"line":16,"column":4},"end":{"line":16,"column":32}},"10":{"start":{"line":18,"column":4},"end":{"line":18,"column":11}},"11":{"start":{"line":20,"column":4},"end":{"line":22,"column":7}},"12":{"start":{"line":26,"column":0},"end":{"line":44,"column":2}},"13":{"start":{"line":27,"column":2},"end":{"line":43,"column":7}},"14":{"start":{"line":30,"column":6},"end":{"line":33,"column":7}},"15":{"start":{"line":31,"column":8},"end":{"line":31,"column":15}},"16":{"start":{"line":32,"column":8},"end":{"line":32,"column":15}},"17":{"start":{"line":34,"column":6},"end":{"line":36,"column":9}},"18":{"start":{"line":39,"column":6},"end":{"line":39,"column":49}},"19":{"start":{"line":40,"column":6},"end":{"line":42,"column":9}},"20":{"start":{"line":46,"column":18},"end":{"line":49,"column":1}},"21":{"start":{"line":51,"column":0},"end":{"line":51,"column":27}}},"fnMap":{"0":{"name":"(anonymous_0)","decl":{"start":{"line":6,"column":14},"end":{"line":6,"column":15}},"loc":{"start":{"line":6,"column":34},"end":{"line":24,"column":1}},"line":6},"1":{"name":"(anonymous_1)","decl":{"start":{"line":26,"column":10},"end":{"line":26,"column":11}},"loc":{"start":{"line":26,"column":30},"end":{"line":44,"column":1}},"line":26},"2":{"name":"(anonymous_2)","decl":{"start":{"line":29,"column":10},"end":{"line":29,"column":11}},"loc":{"start":{"line":29,"column":20},"end":{"line":37,"column":5}},"line":29},"3":{"name":"(anonymous_3)","decl":{"start":{"line":38,"column":11},"end":{"line":38,"column":12}},"loc":{"start":{"line":38,"column":20},"end":{"line":43,"column":5}},"line":38}},"branchMap":{"0":{"loc":{"start":{"line":11,"column":4},"end":{"line":13,"column":5}},"type":"if","locations":[{"start":{"line":11,"column":4},"end":{"line":13,"column":5}},{"start":{},"end":{}}],"line":11},"1":{"loc":{"start":{"line":30,"column":6},"end":{"line":33,"column":7}},"type":"if","locations":[{"start":{"line":30,"column":6},"end":{"line":33,"column":7}},{"start":{},"end":{}}],"line":30}},"s":{"0":6,"1":6,"2":6,"3":6,"4":5,"5":5,"6":5,"7":0,"8":5,"9":5,"10":5,"11":0,"12":6,"13":5,"14":5,"15":5,"16":5,"17":0,"18":0,"19":0,"20":6,"21":6},"f":{"0":5,"1":5,"2":5,"3":0},"b":{"0":[0,5],"1":[5,0]},"_coverageSchema":"1a1c01bbd47fc00a2c39e90264f33305004495a9","hash":"708779c837c967d132de6be786ecf775318938c4"}
,"/Users/kirannoolvi/Desktop/CarProApplication/Server/Admin/model/carModel.js": {"path":"/Users/kirannoolvi/Desktop/CarProApplication/Server/Admin/model/carModel.js","statementMap":{"0":{"start":{"line":1,"column":17},"end":{"line":1,"column":36}},"1":{"start":{"line":3,"column":18},"end":{"line":13,"column":2}},"2":{"start":{"line":15,"column":0},"end":{"line":15,"column":50}}},"fnMap":{},"branchMap":{},"s":{"0":6,"1":6,"2":6},"f":{},"b":{},"_coverageSchema":"1a1c01bbd47fc00a2c39e90264f33305004495a9","hash":"acbc79f3ec0de4b79beb0af8d33d80568b04bf94"}
,"/Users/kirannoolvi/Desktop/CarProApplication/Server/Admin/model/customerModel.js": {"path":"/Users/kirannoolvi/Desktop/CarProApplication/Server/Admin/model/customerModel.js","statementMap":{"0":{"start":{"line":1,"column":17},"end":{"line":1,"column":36}},"1":{"start":{"line":3,"column":23},"end":{"line":19,"column":2}},"2":{"start":{"line":21,"column":0},"end":{"line":21,"column":60}}},"fnMap":{},"branchMap":{},"s":{"0":6,"1":6,"2":6},"f":{},"b":{},"_coverageSchema":"1a1c01bbd47fc00a2c39e90264f33305004495a9","hash":"3647868679ca83c07b91319a8b6a46672be1282a"}
,"/Users/kirannoolvi/Desktop/CarProApplication/Server/Admin/model/memberModel.js": {"path":"/Users/kirannoolvi/Desktop/CarProApplication/Server/Admin/model/memberModel.js","statementMap":{"0":{"start":{"line":1,"column":17},"end":{"line":1,"column":36}},"1":{"start":{"line":3,"column":19},"end":{"line":22,"column":2}},"2":{"start":{"line":24,"column":0},"end":{"line":24,"column":54}}},"fnMap":{},"branchMap":{},"s":{"0":6,"1":6,"2":6},"f":{},"b":{},"_coverageSchema":"1a1c01bbd47fc00a2c39e90264f33305004495a9","hash":"033e6f6ac077cb1e924972907616090a8d5d72ce"}
,"/Users/kirannoolvi/Desktop/CarProApplication/Server/Admin/model/orderModel.js": {"path":"/Users/kirannoolvi/Desktop/CarProApplication/Server/Admin/model/orderModel.js","statementMap":{"0":{"start":{"line":1,"column":17},"end":{"line":1,"column":36}},"1":{"start":{"line":3,"column":20},"end":{"line":17,"column":2}},"2":{"start":{"line":19,"column":0},"end":{"line":19,"column":54}}},"fnMap":{},"branchMap":{},"s":{"0":6,"1":6,"2":6},"f":{},"b":{},"_coverageSchema":"1a1c01bbd47fc00a2c39e90264f33305004495a9","hash":"0d9656faf78acafbdd326d92644c1d81ca01d102"}
,"/Users/kirannoolvi/Desktop/CarProApplication/Server/Admin/model/serviceModel.js": {"path":"/Users/kirannoolvi/Desktop/CarProApplication/Server/Admin/model/serviceModel.js","statementMap":{"0":{"start":{"line":1,"column":17},"end":{"line":1,"column":36}},"1":{"start":{"line":3,"column":22},"end":{"line":33,"column":2}},"2":{"start":{"line":35,"column":0},"end":{"line":35,"column":59}}},"fnMap":{},"branchMap":{},"s":{"0":6,"1":6,"2":6},"f":{},"b":{},"_coverageSchema":"1a1c01bbd47fc00a2c39e90264f33305004495a9","hash":"840ca0f723ddd345a0876311d0f26e6199a579a1"}
,"/Users/kirannoolvi/Desktop/CarProApplication/Server/Admin/services/authServices.js": {"path":"/Users/kirannoolvi/Desktop/CarProApplication/Server/Admin/services/authServices.js","statementMap":{"0":{"start":{"line":1,"column":16},"end":{"line":1,"column":34}},"1":{"start":{"line":2,"column":15},"end":{"line":2,"column":31}},"2":{"start":{"line":3,"column":23},"end":{"line":3,"column":63}},"3":{"start":{"line":5,"column":0},"end":{"line":5,"column":44}},"4":{"start":{"line":7,"column":0},"end":{"line":7,"column":50}},"5":{"start":{"line":9,"column":0},"end":{"line":9,"column":24}}},"fnMap":{},"branchMap":{},"s":{"0":6,"1":6,"2":6,"3":6,"4":6,"5":6},"f":{},"b":{},"_coverageSchema":"1a1c01bbd47fc00a2c39e90264f33305004495a9","hash":"c544f27645358fbe2b2a37db9b211e9b7a8a63f2"}
,"/Users/kirannoolvi/Desktop/CarProApplication/Server/Admin/services/car-washServices.js": {"path":"/Users/kirannoolvi/Desktop/CarProApplication/Server/Admin/services/car-washServices.js","statementMap":{"0":{"start":{"line":1,"column":16},"end":{"line":1,"column":34}},"1":{"start":{"line":2,"column":15},"end":{"line":2,"column":31}},"2":{"start":{"line":3,"column":18},"end":{"line":3,"column":54}},"3":{"start":{"line":4,"column":26},"end":{"line":4,"column":69}},"4":{"start":{"line":6,"column":0},"end":{"line":10,"column":2}},"5":{"start":{"line":12,"column":0},"end":{"line":12,"column":50}},"6":{"start":{"line":14,"column":0},"end":{"line":14,"column":70}},"7":{"start":{"line":15,"column":0},"end":{"line":19,"column":2}},"8":{"start":{"line":21,"column":0},"end":{"line":25,"column":2}},"9":{"start":{"line":26,"column":0},"end":{"line":26,"column":24}}},"fnMap":{},"branchMap":{},"s":{"0":6,"1":6,"2":6,"3":6,"4":6,"5":6,"6":6,"7":6,"8":6,"9":6},"f":{},"b":{},"_coverageSchema":"1a1c01bbd47fc00a2c39e90264f33305004495a9","hash":"20f27eefaac1ba0ff9a2473a2befaf450c2ff8e1"}
,"/Users/kirannoolvi/Desktop/CarProApplication/Server/Admin/services/carServices.js": {"path":"/Users/kirannoolvi/Desktop/CarProApplication/Server/Admin/services/carServices.js","statementMap":{"0":{"start":{"line":1,"column":16},"end":{"line":1,"column":34}},"1":{"start":{"line":2,"column":15},"end":{"line":2,"column":31}},"2":{"start":{"line":3,"column":18},"end":{"line":3,"column":54}},"3":{"start":{"line":4,"column":22},"end":{"line":4,"column":61}},"4":{"start":{"line":7,"column":0},"end":{"line":11,"column":2}},"5":{"start":{"line":13,"column":0},"end":{"line":13,"column":50}},"6":{"start":{"line":16,"column":0},"end":{"line":16,"column":58}},"7":{"start":{"line":19,"column":0},"end":{"line":19,"column":55}},"8":{"start":{"line":22,"column":0},"end":{"line":22,"column":59}},"9":{"start":{"line":25,"column":0},"end":{"line":29,"column":2}},"10":{"start":{"line":31,"column":0},"end":{"line":35,"column":2}},"11":{"start":{"line":36,"column":0},"end":{"line":36,"column":24}}},"fnMap":{},"branchMap":{},"s":{"0":6,"1":6,"2":6,"3":6,"4":6,"5":6,"6":6,"7":6,"8":6,"9":6,"10":6,"11":6},"f":{},"b":{},"_coverageSchema":"1a1c01bbd47fc00a2c39e90264f33305004495a9","hash":"1ea47e578e99b544828da674eb729a2aa18d1333"}
,"/Users/kirannoolvi/Desktop/CarProApplication/Server/Admin/services/mechanicServices.js": {"path":"/Users/kirannoolvi/Desktop/CarProApplication/Server/Admin/services/mechanicServices.js","statementMap":{"0":{"start":{"line":1,"column":16},"end":{"line":1,"column":34}},"1":{"start":{"line":2,"column":15},"end":{"line":2,"column":31}},"2":{"start":{"line":3,"column":18},"end":{"line":3,"column":54}},"3":{"start":{"line":4,"column":27},"end":{"line":4,"column":71}},"4":{"start":{"line":6,"column":0},"end":{"line":10,"column":2}},"5":{"start":{"line":12,"column":0},"end":{"line":16,"column":2}},"6":{"start":{"line":18,"column":0},"end":{"line":18,"column":24}}},"fnMap":{},"branchMap":{},"s":{"0":6,"1":6,"2":6,"3":6,"4":6,"5":6,"6":6},"f":{},"b":{},"_coverageSchema":"1a1c01bbd47fc00a2c39e90264f33305004495a9","hash":"d9a3a462c0e714490e9600c8cbfa82f0853a69af"}
,"/Users/kirannoolvi/Desktop/CarProApplication/Server/Admin/services/orderServices.js": {"path":"/Users/kirannoolvi/Desktop/CarProApplication/Server/Admin/services/orderServices.js","statementMap":{"0":{"start":{"line":1,"column":16},"end":{"line":1,"column":34}},"1":{"start":{"line":2,"column":15},"end":{"line":2,"column":31}},"2":{"start":{"line":3,"column":18},"end":{"line":3,"column":54}},"3":{"start":{"line":4,"column":24},"end":{"line":4,"column":65}},"4":{"start":{"line":6,"column":0},"end":{"line":10,"column":2}},"5":{"start":{"line":12,"column":0},"end":{"line":16,"column":2}},"6":{"start":{"line":18,"column":0},"end":{"line":18,"column":24}}},"fnMap":{},"branchMap":{},"s":{"0":6,"1":6,"2":6,"3":6,"4":6,"5":6,"6":6},"f":{},"b":{},"_coverageSchema":"1a1c01bbd47fc00a2c39e90264f33305004495a9","hash":"b6f14898d46888bed3c195436ade1143f12073e1"}
}
