TN:
SF:app.js
FN:24,(anonymous_0)
FN:30,(anonymous_1)
FN:38,(anonymous_2)
FN:59,(anonymous_3)
FN:65,(anonymous_4)
FNF:5
FNH:4
FNDA:0,(anonymous_0)
FNDA:6,(anonymous_1)
FNDA:16,(anonymous_2)
FNDA:1,(anonymous_3)
FNDA:1,(anonymous_4)
DA:1,6
DA:2,6
DA:3,6
DA:4,6
DA:5,6
DA:6,6
DA:7,6
DA:8,6
DA:9,6
DA:10,6
DA:11,6
DA:13,6
DA:17,6
DA:19,6
DA:25,0
DA:27,6
DA:30,6
DA:31,6
DA:34,6
DA:35,6
DA:38,6
DA:39,16
DA:40,16
DA:44,16
DA:45,0
DA:46,0
DA:48,16
DA:52,6
DA:53,6
DA:54,6
DA:55,6
DA:56,6
DA:59,6
DA:60,1
DA:61,1
DA:62,1
DA:65,6
DA:66,1
DA:67,1
DA:74,6
LF:40
LH:37
BRDA:44,0,0,0
BRDA:44,0,1,16
BRDA:66,1,0,1
BRDA:66,1,1,0
BRF:4
BRH:2
end_of_record
TN:
SF:config/authConfig.js
FNF:0
FNH:0
DA:1,6
LF:1
LH:1
BRF:0
BRH:0
end_of_record
TN:
SF:config/dbConfig.js
FNF:0
FNH:0
DA:1,6
LF:1
LH:1
BRF:0
BRH:0
end_of_record
TN:
SF:controllers/authController.js
FN:7,(anonymous_0)
FN:10,(anonymous_1)
FN:17,(anonymous_2)
FN:48,(anonymous_3)
FN:56,(anonymous_4)
FN:63,(anonymous_5)
FN:69,(anonymous_6)
FN:84,(anonymous_7)
FN:91,(anonymous_8)
FNF:9
FNH:3
FNDA:6,(anonymous_0)
FNDA:6,(anonymous_1)
FNDA:6,(anonymous_2)
FNDA:0,(anonymous_3)
FNDA:0,(anonymous_4)
FNDA:0,(anonymous_5)
FNDA:0,(anonymous_6)
FNDA:0,(anonymous_7)
FNDA:0,(anonymous_8)
DA:1,6
DA:2,6
DA:3,6
DA:4,6
DA:5,6
DA:7,6
DA:8,6
DA:11,6
DA:12,6
DA:13,0
DA:17,6
DA:18,6
DA:19,0
DA:22,6
DA:23,6
DA:32,6
DA:41,0
DA:49,0
DA:50,0
DA:56,6
DA:57,0
DA:58,0
DA:61,0
DA:64,0
DA:65,0
DA:69,0
DA:70,0
DA:71,0
DA:75,0
DA:82,0
DA:85,0
DA:86,0
DA:92,0
DA:93,0
LF:34
LH:15
BRDA:12,0,0,0
BRDA:12,0,1,6
BRDA:18,1,0,0
BRDA:18,1,1,6
BRDA:22,2,0,6
BRDA:22,2,1,0
BRDA:57,3,0,0
BRDA:57,3,1,0
BRDA:57,4,0,0
BRDA:57,4,1,0
BRDA:57,4,2,0
BRDA:64,5,0,0
BRDA:64,5,1,0
BRDA:70,6,0,0
BRDA:70,6,1,0
BRF:15
BRH:3
end_of_record
TN:
SF:controllers/carController.js
FN:4,(anonymous_0)
FN:7,(anonymous_1)
FN:17,(anonymous_2)
FN:30,(anonymous_3)
FN:39,(anonymous_4)
FN:43,(anonymous_5)
FN:52,(anonymous_6)
FN:61,(anonymous_7)
FN:65,(anonymous_8)
FN:74,(anonymous_9)
FN:83,(anonymous_10)
FN:87,(anonymous_11)
FN:94,(anonymous_12)
FN:100,(anonymous_13)
FN:109,(anonymous_14)
FN:112,(anonymous_15)
FN:123,(anonymous_16)
FN:132,(anonymous_17)
FN:137,(anonymous_18)
FN:143,(anonymous_19)
FN:151,(anonymous_20)
FN:154,(anonymous_21)
FN:159,(anonymous_22)
FNF:23
FNH:2
FNDA:0,(anonymous_0)
FNDA:0,(anonymous_1)
FNDA:0,(anonymous_2)
FNDA:0,(anonymous_3)
FNDA:2,(anonymous_4)
FNDA:2,(anonymous_5)
FNDA:0,(anonymous_6)
FNDA:0,(anonymous_7)
FNDA:0,(anonymous_8)
FNDA:0,(anonymous_9)
FNDA:0,(anonymous_10)
FNDA:0,(anonymous_11)
FNDA:0,(anonymous_12)
FNDA:0,(anonymous_13)
FNDA:0,(anonymous_14)
FNDA:0,(anonymous_15)
FNDA:0,(anonymous_16)
FNDA:0,(anonymous_17)
FNDA:0,(anonymous_18)
FNDA:0,(anonymous_19)
FNDA:0,(anonymous_20)
FNDA:0,(anonymous_21)
FNDA:0,(anonymous_22)
DA:1,6
DA:4,6
DA:5,0
DA:8,0
DA:9,0
DA:13,0
DA:17,0
DA:18,0
DA:19,0
DA:31,0
DA:32,0
DA:39,6
DA:40,2
DA:44,2
DA:45,0
DA:49,2
DA:53,0
DA:54,0
DA:61,6
DA:62,0
DA:66,0
DA:67,0
DA:71,0
DA:75,0
DA:76,0
DA:83,6
DA:84,0
DA:88,0
DA:89,0
DA:93,0
DA:95,0
DA:101,0
DA:102,0
DA:109,6
DA:110,0
DA:113,0
DA:114,0
DA:118,0
DA:124,0
DA:125,0
DA:132,6
DA:133,0
DA:134,0
DA:135,0
DA:138,0
DA:139,0
DA:144,0
DA:145,0
DA:151,6
DA:152,0
DA:155,0
DA:160,0
DA:161,0
LF:53
LH:11
BRDA:8,0,0,0
BRDA:8,0,1,0
BRDA:44,1,0,0
BRDA:44,1,1,2
BRDA:66,2,0,0
BRDA:66,2,1,0
BRDA:88,3,0,0
BRDA:88,3,1,0
BRDA:113,4,0,0
BRDA:113,4,1,0
BRF:10
BRH:1
end_of_record
TN:
SF:controllers/mechanicController.js
FN:4,(anonymous_0)
FN:7,(anonymous_1)
FN:18,(anonymous_2)
FN:27,(anonymous_3)
FN:31,(anonymous_4)
FN:42,(anonymous_5)
FNF:6
FNH:2
FNDA:0,(anonymous_0)
FNDA:0,(anonymous_1)
FNDA:0,(anonymous_2)
FNDA:3,(anonymous_3)
FNDA:3,(anonymous_4)
FNDA:0,(anonymous_5)
DA:1,6
DA:4,6
DA:5,0
DA:8,0
DA:9,0
DA:13,0
DA:19,0
DA:20,0
DA:27,6
DA:28,3
DA:32,3
DA:33,0
DA:37,3
DA:43,0
DA:44,0
LF:15
LH:6
BRDA:8,0,0,0
BRDA:8,0,1,0
BRDA:32,1,0,0
BRDA:32,1,1,3
BRF:4
BRH:1
end_of_record
TN:
SF:controllers/orderController.js
FN:6,(anonymous_0)
FN:9,(anonymous_1)
FN:20,(anonymous_2)
FN:29,(anonymous_3)
FN:37,(anonymous_4)
FN:42,(anonymous_5)
FNF:6
FNH:2
FNDA:2,(anonymous_0)
FNDA:2,(anonymous_1)
FNDA:0,(anonymous_2)
FNDA:0,(anonymous_3)
FNDA:0,(anonymous_4)
FNDA:0,(anonymous_5)
DA:1,6
DA:2,6
DA:3,6
DA:6,6
DA:7,2
DA:10,2
DA:11,0
DA:15,2
DA:21,0
DA:22,0
DA:29,6
DA:30,0
DA:32,0
DA:38,0
DA:43,0
DA:44,0
LF:16
LH:8
BRDA:10,0,0,0
BRDA:10,0,1,2
BRF:2
BRH:1
end_of_record
TN:
SF:controllers/serviceController.js
FN:3,(anonymous_0)
FN:6,(anonymous_1)
FN:20,(anonymous_2)
FN:28,(anonymous_3)
FN:36,(anonymous_4)
FN:40,(anonymous_5)
FN:51,(anonymous_6)
FN:59,(anonymous_7)
FN:63,(anonymous_8)
FN:69,(anonymous_9)
FN:75,(anonymous_10)
FN:79,(anonymous_11)
FN:84,(anonymous_12)
FN:92,(anonymous_13)
FN:95,(anonymous_14)
FN:106,(anonymous_15)
FNF:16
FNH:2
FNDA:0,(anonymous_0)
FNDA:0,(anonymous_1)
FNDA:0,(anonymous_2)
FNDA:0,(anonymous_3)
FNDA:2,(anonymous_4)
FNDA:2,(anonymous_5)
FNDA:0,(anonymous_6)
FNDA:0,(anonymous_7)
FNDA:0,(anonymous_8)
FNDA:0,(anonymous_9)
FNDA:0,(anonymous_10)
FNDA:0,(anonymous_11)
FNDA:0,(anonymous_12)
FNDA:0,(anonymous_13)
FNDA:0,(anonymous_14)
FNDA:0,(anonymous_15)
DA:1,6
DA:3,6
DA:4,0
DA:7,0
DA:8,0
DA:12,0
DA:20,0
DA:21,0
DA:22,0
DA:29,0
DA:30,0
DA:36,6
DA:37,2
DA:41,2
DA:42,0
DA:46,2
DA:52,0
DA:53,0
DA:59,6
DA:60,0
DA:61,0
DA:64,0
DA:65,0
DA:70,0
DA:71,0
DA:75,6
DA:76,0
DA:77,0
DA:80,0
DA:85,0
DA:86,0
DA:92,6
DA:93,0
DA:96,0
DA:97,0
DA:101,0
DA:107,0
DA:108,0
LF:38
LH:9
BRDA:7,0,0,0
BRDA:7,0,1,0
BRDA:41,1,0,0
BRDA:41,1,1,2
BRDA:96,2,0,0
BRDA:96,2,1,0
BRF:6
BRH:1
end_of_record
TN:
SF:middlewares/check-auth.js
FN:6,(anonymous_0)
FN:26,(anonymous_1)
FN:29,(anonymous_2)
FN:38,(anonymous_3)
FNF:4
FNH:3
FNDA:5,(anonymous_0)
FNDA:5,(anonymous_1)
FNDA:5,(anonymous_2)
FNDA:0,(anonymous_3)
DA:1,6
DA:2,6
DA:3,6
DA:6,6
DA:7,5
DA:9,5
DA:11,5
DA:12,0
DA:14,5
DA:16,5
DA:18,5
DA:20,0
DA:26,6
DA:27,5
DA:30,5
DA:31,5
DA:32,5
DA:34,0
DA:39,0
DA:40,0
DA:46,6
DA:51,6
LF:22
LH:17
BRDA:11,0,0,0
BRDA:11,0,1,5
BRDA:30,1,0,5
BRDA:30,1,1,0
BRF:4
BRH:2
end_of_record
TN:
SF:model/carModel.js
FNF:0
FNH:0
DA:1,6
DA:3,6
DA:15,6
LF:3
LH:3
BRF:0
BRH:0
end_of_record
TN:
SF:model/customerModel.js
FNF:0
FNH:0
DA:1,6
DA:3,6
DA:21,6
LF:3
LH:3
BRF:0
BRH:0
end_of_record
TN:
SF:model/memberModel.js
FNF:0
FNH:0
DA:1,6
DA:3,6
DA:24,6
LF:3
LH:3
BRF:0
BRH:0
end_of_record
TN:
SF:model/orderModel.js
FNF:0
FNH:0
DA:1,6
DA:3,6
DA:19,6
LF:3
LH:3
BRF:0
BRH:0
end_of_record
TN:
SF:model/serviceModel.js
FNF:0
FNH:0
DA:1,6
DA:3,6
DA:35,6
LF:3
LH:3
BRF:0
BRH:0
end_of_record
TN:
SF:services/authServices.js
FNF:0
FNH:0
DA:1,6
DA:2,6
DA:3,6
DA:5,6
DA:7,6
DA:9,6
LF:6
LH:6
BRF:0
BRH:0
end_of_record
TN:
SF:services/car-washServices.js
FNF:0
FNH:0
DA:1,6
DA:2,6
DA:3,6
DA:4,6
DA:6,6
DA:12,6
DA:14,6
DA:15,6
DA:21,6
DA:26,6
LF:10
LH:10
BRF:0
BRH:0
end_of_record
TN:
SF:services/carServices.js
FNF:0
FNH:0
DA:1,6
DA:2,6
DA:3,6
DA:4,6
DA:7,6
DA:13,6
DA:16,6
DA:19,6
DA:22,6
DA:25,6
DA:31,6
DA:36,6
LF:12
LH:12
BRF:0
BRH:0
end_of_record
TN:
SF:services/mechanicServices.js
FNF:0
FNH:0
DA:1,6
DA:2,6
DA:3,6
DA:4,6
DA:6,6
DA:12,6
DA:18,6
LF:7
LH:7
BRF:0
BRH:0
end_of_record
TN:
SF:services/orderServices.js
FNF:0
FNH:0
DA:1,6
DA:2,6
DA:3,6
DA:4,6
DA:6,6
DA:12,6
DA:18,6
LF:7
LH:7
BRF:0
BRH:0
end_of_record
